<?xml version="1.0" encoding="UTF-8"?>
<!-- Generated by org.testng.reporters.JUnitReportReporter -->
<testsuite hostname="Kanivelil-D" failures="0" tests="1" name="CallWeatherByCityNameTest" time="1.345" errors="0" timestamp="8 Oct 2021 23:21:55 GMT">
  <testcase classname="CallWeatherByCityNameTest" name="getLondonUKWeatherByCityTest" time="1.345"/>
</testsuite> <!-- CallWeatherByCityNameTest -->
